D:\Program Files (x86)\Microsoft Visual Studio\2019\Professional\MSBuild\Microsoft\VC\v160\Microsoft.CppBuild.targets(477,5): warning MSB8004: Output Directory does not end with a trailing slash.  This build instance will add the slash as it is required to allow proper evaluation of the Output Directory.
cl : command line warning D9025: overriding '/sdl' with '/GS-'
  dllmain.cpp
  hooks.cpp
D:\Users\ytmcg\Documents\GitHub\Fortnite-Open-Source\hooks.cpp(338,44): warning C4244: 'argument': conversion from 'float' to 'DWORD', possible loss of data
D:\Users\ytmcg\Documents\GitHub\Fortnite-Open-Source\hooks.cpp(546,98): warning C4305: '=': truncation from 'double' to 'float'
D:\Users\ytmcg\Documents\GitHub\Fortnite-Open-Source\hooks.cpp(851,21): warning C4244: '=': conversion from 'float' to 'int', possible loss of data
  offsets.cpp
  renderer.cpp
D:\Users\ytmcg\Documents\GitHub\Fortnite-Open-Source\renderer.cpp(215,41): warning C4305: 'argument': truncation from 'double' to 'float'
D:\Users\ytmcg\Documents\GitHub\Fortnite-Open-Source\renderer.cpp(217,41): warning C4305: 'argument': truncation from 'double' to 'float'
D:\Users\ytmcg\Documents\GitHub\Fortnite-Open-Source\renderer.cpp(417,75): warning C4267: 'argument': conversion from 'size_t' to 'int', possible loss of data
D:\Users\ytmcg\Documents\GitHub\Fortnite-Open-Source\renderer.cpp(442,141): warning C4305: 'argument': truncation from 'double' to 'float'
D:\Users\ytmcg\Documents\GitHub\Fortnite-Open-Source\renderer.cpp(442,52): warning C4244: 'argument': conversion from 'int' to 'float', possible loss of data
D:\Users\ytmcg\Documents\GitHub\Fortnite-Open-Source\renderer.cpp(442,47): warning C4244: 'argument': conversion from 'int' to 'float', possible loss of data
D:\Users\ytmcg\Documents\GitHub\Fortnite-Open-Source\renderer.cpp(443,141): warning C4305: 'argument': truncation from 'double' to 'float'
D:\Users\ytmcg\Documents\GitHub\Fortnite-Open-Source\renderer.cpp(443,52): warning C4244: 'argument': conversion from 'int' to 'float', possible loss of data
D:\Users\ytmcg\Documents\GitHub\Fortnite-Open-Source\renderer.cpp(443,47): warning C4244: 'argument': conversion from 'int' to 'float', possible loss of data
D:\Users\ytmcg\Documents\GitHub\Fortnite-Open-Source\renderer.cpp(444,141): warning C4305: 'argument': truncation from 'double' to 'float'
D:\Users\ytmcg\Documents\GitHub\Fortnite-Open-Source\renderer.cpp(444,54): warning C4244: 'argument': conversion from 'int' to 'float', possible loss of data
D:\Users\ytmcg\Documents\GitHub\Fortnite-Open-Source\renderer.cpp(444,49): warning C4244: 'argument': conversion from 'int' to 'float', possible loss of data
D:\Users\ytmcg\Documents\GitHub\Fortnite-Open-Source\renderer.cpp(445,141): warning C4305: 'argument': truncation from 'double' to 'float'
D:\Users\ytmcg\Documents\GitHub\Fortnite-Open-Source\renderer.cpp(445,54): warning C4244: 'argument': conversion from 'int' to 'float', possible loss of data
D:\Users\ytmcg\Documents\GitHub\Fortnite-Open-Source\renderer.cpp(445,49): warning C4244: 'argument': conversion from 'int' to 'float', possible loss of data
D:\Users\ytmcg\Documents\GitHub\Fortnite-Open-Source\renderer.cpp(446,50): warning C4244: 'argument': conversion from 'int' to 'float', possible loss of data
D:\Users\ytmcg\Documents\GitHub\Fortnite-Open-Source\renderer.cpp(446,47): warning C4244: 'argument': conversion from 'int' to 'float', possible loss of data
D:\Users\ytmcg\Documents\GitHub\Fortnite-Open-Source\renderer.cpp(451,101): warning C4244: 'argument': conversion from 'int' to 'float', possible loss of data
D:\Users\ytmcg\Documents\GitHub\Fortnite-Open-Source\renderer.cpp(451,64): warning C4244: 'argument': conversion from 'int' to 'float', possible loss of data
D:\Users\ytmcg\Documents\GitHub\Fortnite-Open-Source\renderer.cpp(451,61): warning C4244: 'argument': conversion from 'int' to 'float', possible loss of data
D:\Users\ytmcg\Documents\GitHub\Fortnite-Open-Source\renderer.cpp(451,50): warning C4244: 'argument': conversion from 'int' to 'float', possible loss of data
D:\Users\ytmcg\Documents\GitHub\Fortnite-Open-Source\renderer.cpp(451,47): warning C4244: 'argument': conversion from 'int' to 'float', possible loss of data
D:\Users\ytmcg\Documents\GitHub\Fortnite-Open-Source\renderer.cpp(455,99): warning C4244: 'argument': conversion from 'int' to 'float', possible loss of data
D:\Users\ytmcg\Documents\GitHub\Fortnite-Open-Source\renderer.cpp(455,67): warning C4244: 'argument': conversion from 'int' to 'float', possible loss of data
D:\Users\ytmcg\Documents\GitHub\Fortnite-Open-Source\renderer.cpp(455,63): warning C4244: 'argument': conversion from 'int' to 'float', possible loss of data
D:\Users\ytmcg\Documents\GitHub\Fortnite-Open-Source\renderer.cpp(455,51): warning C4244: 'argument': conversion from 'int' to 'float', possible loss of data
D:\Users\ytmcg\Documents\GitHub\Fortnite-Open-Source\renderer.cpp(455,47): warning C4244: 'argument': conversion from 'int' to 'float', possible loss of data
D:\Users\ytmcg\Documents\GitHub\Fortnite-Open-Source\renderer.cpp(459,15): warning C4244: 'initializing': conversion from 'int' to 'float', possible loss of data
D:\Users\ytmcg\Documents\GitHub\Fortnite-Open-Source\renderer.cpp(460,15): warning C4244: 'initializing': conversion from 'int' to 'float', possible loss of data
D:\Users\ytmcg\Documents\GitHub\Fortnite-Open-Source\renderer.cpp(463,159): warning C4305: 'argument': truncation from 'double' to 'float'
D:\Users\ytmcg\Documents\GitHub\Fortnite-Open-Source\renderer.cpp(463,61): warning C4244: 'argument': conversion from 'int' to 'float', possible loss of data
D:\Users\ytmcg\Documents\GitHub\Fortnite-Open-Source\renderer.cpp(463,50): warning C4244: 'argument': conversion from 'int' to 'float', possible loss of data
D:\Users\ytmcg\Documents\GitHub\Fortnite-Open-Source\renderer.cpp(463,47): warning C4244: 'argument': conversion from 'int' to 'float', possible loss of data
D:\Users\ytmcg\Documents\GitHub\Fortnite-Open-Source\renderer.cpp(464,159): warning C4305: 'argument': truncation from 'double' to 'float'
D:\Users\ytmcg\Documents\GitHub\Fortnite-Open-Source\renderer.cpp(464,72): warning C4244: 'argument': conversion from 'int' to 'float', possible loss of data
D:\Users\ytmcg\Documents\GitHub\Fortnite-Open-Source\renderer.cpp(464,50): warning C4244: 'argument': conversion from 'int' to 'float', possible loss of data
D:\Users\ytmcg\Documents\GitHub\Fortnite-Open-Source\renderer.cpp(464,47): warning C4244: 'argument': conversion from 'int' to 'float', possible loss of data
D:\Users\ytmcg\Documents\GitHub\Fortnite-Open-Source\renderer.cpp(465,167): warning C4305: 'argument': truncation from 'double' to 'float'
D:\Users\ytmcg\Documents\GitHub\Fortnite-Open-Source\renderer.cpp(465,80): warning C4244: 'argument': conversion from 'int' to 'float', possible loss of data
D:\Users\ytmcg\Documents\GitHub\Fortnite-Open-Source\renderer.cpp(465,75): warning C4244: 'argument': conversion from 'int' to 'float', possible loss of data
D:\Users\ytmcg\Documents\GitHub\Fortnite-Open-Source\renderer.cpp(465,62): warning C4244: 'argument': conversion from 'int' to 'float', possible loss of data
D:\Users\ytmcg\Documents\GitHub\Fortnite-Open-Source\renderer.cpp(466,167): warning C4305: 'argument': truncation from 'double' to 'float'
D:\Users\ytmcg\Documents\GitHub\Fortnite-Open-Source\renderer.cpp(466,67): warning C4244: 'argument': conversion from 'int' to 'float', possible loss of data
D:\Users\ytmcg\Documents\GitHub\Fortnite-Open-Source\renderer.cpp(466,54): warning C4244: 'argument': conversion from 'int' to 'float', possible loss of data
D:\Users\ytmcg\Documents\GitHub\Fortnite-Open-Source\renderer.cpp(466,49): warning C4244: 'argument': conversion from 'int' to 'float', possible loss of data
D:\Users\ytmcg\Documents\GitHub\Fortnite-Open-Source\renderer.cpp(467,167): warning C4305: 'argument': truncation from 'double' to 'float'
D:\Users\ytmcg\Documents\GitHub\Fortnite-Open-Source\renderer.cpp(467,78): warning C4244: 'argument': conversion from 'int' to 'float', possible loss of data
D:\Users\ytmcg\Documents\GitHub\Fortnite-Open-Source\renderer.cpp(467,73): warning C4244: 'argument': conversion from 'int' to 'float', possible loss of data
D:\Users\ytmcg\Documents\GitHub\Fortnite-Open-Source\renderer.cpp(467,47): warning C4244: 'argument': conversion from 'int' to 'float', possible loss of data
D:\Users\ytmcg\Documents\GitHub\Fortnite-Open-Source\renderer.cpp(468,167): warning C4305: 'argument': truncation from 'double' to 'float'
D:\Users\ytmcg\Documents\GitHub\Fortnite-Open-Source\renderer.cpp(468,78): warning C4244: 'argument': conversion from 'int' to 'float', possible loss of data
D:\Users\ytmcg\Documents\GitHub\Fortnite-Open-Source\renderer.cpp(468,52): warning C4244: 'argument': conversion from 'int' to 'float', possible loss of data
D:\Users\ytmcg\Documents\GitHub\Fortnite-Open-Source\renderer.cpp(468,47): warning C4244: 'argument': conversion from 'int' to 'float', possible loss of data
D:\Users\ytmcg\Documents\GitHub\Fortnite-Open-Source\renderer.cpp(469,175): warning C4305: 'argument': truncation from 'double' to 'float'
D:\Users\ytmcg\Documents\GitHub\Fortnite-Open-Source\renderer.cpp(469,86): warning C4244: 'argument': conversion from 'int' to 'float', possible loss of data
D:\Users\ytmcg\Documents\GitHub\Fortnite-Open-Source\renderer.cpp(469,79): warning C4244: 'argument': conversion from 'int' to 'float', possible loss of data
D:\Users\ytmcg\Documents\GitHub\Fortnite-Open-Source\renderer.cpp(469,64): warning C4244: 'argument': conversion from 'int' to 'float', possible loss of data
D:\Users\ytmcg\Documents\GitHub\Fortnite-Open-Source\renderer.cpp(470,175): warning C4305: 'argument': truncation from 'double' to 'float'
D:\Users\ytmcg\Documents\GitHub\Fortnite-Open-Source\renderer.cpp(470,86): warning C4244: 'argument': conversion from 'int' to 'float', possible loss of data
D:\Users\ytmcg\Documents\GitHub\Fortnite-Open-Source\renderer.cpp(470,79): warning C4244: 'argument': conversion from 'int' to 'float', possible loss of data
D:\Users\ytmcg\Documents\GitHub\Fortnite-Open-Source\renderer.cpp(470,49): warning C4244: 'argument': conversion from 'int' to 'float', possible loss of data
D:\Users\ytmcg\Documents\GitHub\Fortnite-Open-Source\renderer.cpp(473,103): warning C4244: 'argument': conversion from 'int' to 'float', possible loss of data
D:\Users\ytmcg\Documents\GitHub\Fortnite-Open-Source\renderer.cpp(473,61): warning C4244: 'argument': conversion from 'int' to 'float', possible loss of data
D:\Users\ytmcg\Documents\GitHub\Fortnite-Open-Source\renderer.cpp(473,50): warning C4244: 'argument': conversion from 'int' to 'float', possible loss of data
D:\Users\ytmcg\Documents\GitHub\Fortnite-Open-Source\renderer.cpp(473,47): warning C4244: 'argument': conversion from 'int' to 'float', possible loss of data
D:\Users\ytmcg\Documents\GitHub\Fortnite-Open-Source\renderer.cpp(474,103): warning C4244: 'argument': conversion from 'int' to 'float', possible loss of data
D:\Users\ytmcg\Documents\GitHub\Fortnite-Open-Source\renderer.cpp(474,72): warning C4244: 'argument': conversion from 'int' to 'float', possible loss of data
D:\Users\ytmcg\Documents\GitHub\Fortnite-Open-Source\renderer.cpp(474,50): warning C4244: 'argument': conversion from 'int' to 'float', possible loss of data
D:\Users\ytmcg\Documents\GitHub\Fortnite-Open-Source\renderer.cpp(474,47): warning C4244: 'argument': conversion from 'int' to 'float', possible loss of data
D:\Users\ytmcg\Documents\GitHub\Fortnite-Open-Source\renderer.cpp(475,111): warning C4244: 'argument': conversion from 'int' to 'float', possible loss of data
D:\Users\ytmcg\Documents\GitHub\Fortnite-Open-Source\renderer.cpp(475,80): warning C4244: 'argument': conversion from 'int' to 'float', possible loss of data
D:\Users\ytmcg\Documents\GitHub\Fortnite-Open-Source\renderer.cpp(475,75): warning C4244: 'argument': conversion from 'int' to 'float', possible loss of data
D:\Users\ytmcg\Documents\GitHub\Fortnite-Open-Source\renderer.cpp(475,62): warning C4244: 'argument': conversion from 'int' to 'float', possible loss of data
D:\Users\ytmcg\Documents\GitHub\Fortnite-Open-Source\renderer.cpp(476,111): warning C4244: 'argument': conversion from 'int' to 'float', possible loss of data
D:\Users\ytmcg\Documents\GitHub\Fortnite-Open-Source\renderer.cpp(476,67): warning C4244: 'argument': conversion from 'int' to 'float', possible loss of data
D:\Users\ytmcg\Documents\GitHub\Fortnite-Open-Source\renderer.cpp(476,54): warning C4244: 'argument': conversion from 'int' to 'float', possible loss of data
D:\Users\ytmcg\Documents\GitHub\Fortnite-Open-Source\renderer.cpp(476,49): warning C4244: 'argument': conversion from 'int' to 'float', possible loss of data
D:\Users\ytmcg\Documents\GitHub\Fortnite-Open-Source\renderer.cpp(477,111): warning C4244: 'argument': conversion from 'int' to 'float', possible loss of data
D:\Users\ytmcg\Documents\GitHub\Fortnite-Open-Source\renderer.cpp(477,78): warning C4244: 'argument': conversion from 'int' to 'float', possible loss of data
D:\Users\ytmcg\Documents\GitHub\Fortnite-Open-Source\renderer.cpp(477,73): warning C4244: 'argument': conversion from 'int' to 'float', possible loss of data
D:\Users\ytmcg\Documents\GitHub\Fortnite-Open-Source\renderer.cpp(477,47): warning C4244: 'argument': conversion from 'int' to 'float', possible loss of data
D:\Users\ytmcg\Documents\GitHub\Fortnite-Open-Source\renderer.cpp(478,111): warning C4244: 'argument': conversion from 'int' to 'float', possible loss of data
D:\Users\ytmcg\Documents\GitHub\Fortnite-Open-Source\renderer.cpp(478,78): warning C4244: 'argument': conversion from 'int' to 'float', possible loss of data
D:\Users\ytmcg\Documents\GitHub\Fortnite-Open-Source\renderer.cpp(478,52): warning C4244: 'argument': conversion from 'int' to 'float', possible loss of data
D:\Users\ytmcg\Documents\GitHub\Fortnite-Open-Source\renderer.cpp(478,47): warning C4244: 'argument': conversion from 'int' to 'float', possible loss of data
D:\Users\ytmcg\Documents\GitHub\Fortnite-Open-Source\renderer.cpp(479,119): warning C4244: 'argument': conversion from 'int' to 'float', possible loss of data
D:\Users\ytmcg\Documents\GitHub\Fortnite-Open-Source\renderer.cpp(479,86): warning C4244: 'argument': conversion from 'int' to 'float', possible loss of data
D:\Users\ytmcg\Documents\GitHub\Fortnite-Open-Source\renderer.cpp(479,79): warning C4244: 'argument': conversion from 'int' to 'float', possible loss of data
D:\Users\ytmcg\Documents\GitHub\Fortnite-Open-Source\renderer.cpp(479,64): warning C4244: 'argument': conversion from 'int' to 'float', possible loss of data
D:\Users\ytmcg\Documents\GitHub\Fortnite-Open-Source\renderer.cpp(480,119): warning C4244: 'argument': conversion from 'int' to 'float', possible loss of data
D:\Users\ytmcg\Documents\GitHub\Fortnite-Open-Source\renderer.cpp(480,86): warning C4244: 'argument': conversion from 'int' to 'float', possible loss of data
D:\Users\ytmcg\Documents\GitHub\Fortnite-Open-Source\renderer.cpp(480,79): warning C4244: 'argument': conversion from 'int' to 'float', possible loss of data
D:\Users\ytmcg\Documents\GitHub\Fortnite-Open-Source\renderer.cpp(480,49): warning C4244: 'argument': conversion from 'int' to 'float', possible loss of data
D:\Users\ytmcg\Documents\GitHub\Fortnite-Open-Source\renderer.cpp(1550,26): warning C4244: 'initializing': conversion from 'double' to 'float', possible loss of data
D:\Users\ytmcg\Documents\GitHub\Fortnite-Open-Source\renderer.cpp(1556,22): warning C4244: 'initializing': conversion from 'double' to 'float', possible loss of data
D:\Users\ytmcg\Documents\GitHub\Fortnite-Open-Source\renderer.cpp(1564,103): warning C4244: 'argument': conversion from 'double' to 'int', possible loss of data
D:\Users\ytmcg\Documents\GitHub\Fortnite-Open-Source\renderer.cpp(1564,79): warning C4244: 'argument': conversion from 'float' to 'int', possible loss of data
D:\Users\ytmcg\Documents\GitHub\Fortnite-Open-Source\renderer.cpp(1564,66): warning C4244: 'argument': conversion from 'float' to 'int', possible loss of data
D:\Users\ytmcg\Documents\GitHub\Fortnite-Open-Source\renderer.cpp(1564,62): warning C4244: 'argument': conversion from 'float' to 'int', possible loss of data
D:\Users\ytmcg\Documents\GitHub\Fortnite-Open-Source\renderer.cpp(1564,34): warning C4244: 'argument': conversion from 'float' to 'int', possible loss of data
  settings.cpp
D:\Users\ytmcg\Documents\GitHub\Fortnite-Open-Source\settings.cpp(36,33): warning C4244: '=': conversion from 'double' to 'int', possible loss of data
D:\Users\ytmcg\Documents\GitHub\Fortnite-Open-Source\settings.cpp(37,29): warning C4244: '=': conversion from 'double' to 'int', possible loss of data
D:\Users\ytmcg\Documents\GitHub\Fortnite-Open-Source\settings.cpp(38,25): warning C4244: '=': conversion from 'double' to 'int', possible loss of data
D:\Users\ytmcg\Documents\GitHub\Fortnite-Open-Source\settings.cpp(40,25): warning C4244: '=': conversion from 'double' to 'int', possible loss of data
D:\Users\ytmcg\Documents\GitHub\Fortnite-Open-Source\settings.cpp(49,30): warning C4305: '=': truncation from 'float' to 'bool'
  util.cpp
     Creating library ..\modmap\test.lib and object ..\modmap\test.exp
LINK : warning LNK4098: defaultlib 'LIBCMTD' conflicts with use of other libs; use /NODEFAULTLIB:library
  Generating code
D:\Users\ytmcg\Documents\GitHub\Fortnite-Open-Source\renderer.cpp(1560): warning C4700: uninitialized local variable 'X' used
  717 of 2269 functions (31.6%) were compiled, the rest were copied from previous compilation.
    706 functions were new in current compilation
    15 functions had inline decision re-evaluated but remain unchanged
  Finished generating code
  Fortnite-Open-Source.vcxproj -> D:\Users\ytmcg\Documents\GitHub\modmap\test.dll
